\BOOKMARK [1][-]{section.1}{Introduction}{}% 1
\BOOKMARK [1][-]{section.2}{Theoretical Background}{}% 2
\BOOKMARK [2][-]{subsection.2.1}{Colour Centres}{section.2}% 3
\BOOKMARK [2][-]{subsection.2.2}{NV-Centres in Diamonds}{section.2}% 4
\BOOKMARK [2][-]{subsection.2.3}{Optically Detected Magnetic Resonance}{section.2}% 5
\BOOKMARK [1][-]{section.3}{Experimental Set-up and Procedure}{}% 6
\BOOKMARK [2][-]{subsection.3.1}{Set-Up}{section.3}% 7
\BOOKMARK [2][-]{subsection.3.2}{Calibration}{section.3}% 8
\BOOKMARK [3][-]{subsubsection.3.2.1}{convertion factor camera}{subsection.3.2}% 9
\BOOKMARK [2][-]{subsection.3.3}{Measurements}{section.3}% 10
\BOOKMARK [1][-]{section.4}{Evaluation}{}% 11
\BOOKMARK [2][-]{subsection.4.1}{Calibration}{section.4}% 12
\BOOKMARK [3][-]{subsubsection.4.1.1}{Laser Power}{subsection.4.1}% 13
\BOOKMARK [3][-]{subsubsection.4.1.2}{Optical Spectrometer}{subsection.4.1}% 14
\BOOKMARK [3][-]{subsubsection.4.1.3}{ODMR calibrations}{subsection.4.1}% 15
\BOOKMARK [2][-]{subsection.4.2}{Size of the Diamonds}{section.4}% 16
\BOOKMARK [2][-]{subsection.4.3}{Fluorescence Spectrum}{section.4}% 17
\BOOKMARK [2][-]{subsection.4.4}{ODMR Measurements}{section.4}% 18
\BOOKMARK [1][-]{section.5}{Summary and Discussion}{}% 19
\BOOKMARK [1][-]{section.6}{Appendix}{}% 20
